# JRE version: Java(TM) SE Runtime Environment (8.0_191-b12) (build 1.8.0_191-b12)
# Java VM: Java HotSpot(TM) 64-Bit Server VM (25.191-b12 mixed mode bsd-amd64 compressed oops)
Heap:
 PSYoungGen      total 64512K, used 32954K [0x0000000795580000, 0x000000079af80000, 0x00000007c0000000)
  eden space 56320K, 44% used [0x0000000795580000,0x0000000796de3f58,0x0000000798c80000)
  from space 8192K, 97% used [0x0000000798e00000,0x00000007995caab8,0x0000000799600000)
  to   space 17920K, 0% used [0x0000000799e00000,0x0000000799e00000,0x000000079af80000)
 ParOldGen       total 123904K, used 102373K [0x0000000740000000, 0x0000000747900000, 0x0000000795580000)
  object space 123904K, 82% used [0x0000000740000000,0x00000007463f9430,0x0000000747900000)
 Metaspace       used 9408K, capacity 9560K, committed 9728K, reserved 1058816K
  class space    used 864K, capacity 922K, committed 1024K, reserved 1048576K
GC Heap History (10 events):
Event: 275.879 GC heap before
{Heap before GC invocations=362 (full 1):
 PSYoungGen      total 80384K, used 73150K [0x0000000795580000, 0x000000079b900000, 0x00000007c0000000)
  eden space 64000K, 100% used [0x0000000795580000,0x0000000799400000,0x0000000799400000)
  from space 16384K, 55% used [0x000000079a900000,0x000000079b1ef880,0x000000079b900000)
  to   space 18944K, 0% used [0x0000000799400000,0x0000000799400000,0x000000079a680000)
 ParOldGen       total 123904K, used 100162K [0x0000000740000000, 0x0000000747900000, 0x0000000795580000)
  object space 123904K, 80% used [0x0000000740000000,0x00000007461d0b08,0x0000000747900000)
 Metaspace       used 9398K, capacity 9496K, committed 9728K, reserved 1058816K
  class space    used 862K, capacity 922K, committed 1024K, reserved 1048576K
Event: 275.895 GC heap after
Heap after GC invocations=362 (full 1):
 PSYoungGen      total 71680K, used 8851K [0x0000000795580000, 0x000000079b780000, 0x00000007c0000000)
  eden space 62464K, 0% used [0x0000000795580000,0x0000000795580000,0x0000000799280000)
  from space 9216K, 96% used [0x0000000799400000,0x0000000799ca4f90,0x0000000799d00000)
  to   space 18944K, 0% used [0x000000079a500000,0x000000079a500000,0x000000079b780000)
 ParOldGen       total 123904K, used 100632K [0x0000000740000000, 0x0000000747900000, 0x0000000795580000)
  object space 123904K, 81% used [0x0000000740000000,0x0000000746246010,0x0000000747900000)
 Metaspace       used 9398K, capacity 9496K, committed 9728K, reserved 1058816K
  class space    used 862K, capacity 922K, committed 1024K, reserved 1048576K
}
Event: 277.440 GC heap before
{Heap before GC invocations=363 (full 1):
 PSYoungGen      total 71680K, used 71315K [0x0000000795580000, 0x000000079b780000, 0x00000007c0000000)
  eden space 62464K, 100% used [0x0000000795580000,0x0000000799280000,0x0000000799280000)
  from space 9216K, 96% used [0x0000000799400000,0x0000000799ca4f90,0x0000000799d00000)
  to   space 18944K, 0% used [0x000000079a500000,0x000000079a500000,0x000000079b780000)
 ParOldGen       total 123904K, used 100632K [0x0000000740000000, 0x0000000747900000, 0x0000000795580000)
  object space 123904K, 81% used [0x0000000740000000,0x0000000746246010,0x0000000747900000)
 Metaspace       used 9398K, capacity 9496K, committed 9728K, reserved 1058816K
  class space    used 862K, capacity 922K, committed 1024K, reserved 1048576K
Event: 277.444 GC heap after
Heap after GC invocations=363 (full 1):
 PSYoungGen      total 77312K, used 8692K [0x0000000795580000, 0x000000079b500000, 0x00000007c0000000)
  eden space 60928K, 0% used [0x0000000795580000,0x0000000795580000,0x0000000799100000)
  from space 16384K, 53% used [0x000000079a500000,0x000000079ad7d188,0x000000079b500000)
  to   space 18432K, 0% used [0x0000000799100000,0x0000000799100000,0x000000079a300000)
 ParOldGen       total 123904K, used 101085K [0x0000000740000000, 0x0000000747900000, 0x0000000795580000)
  object space 123904K, 81% used [0x0000000740000000,0x00000007462b7518,0x0000000747900000)
 Metaspace       used 9398K, capacity 9496K, committed 9728K, reserved 1058816K
  class space    used 862K, capacity 922K, committed 1024K, reserved 1048576K
}
Event: 278.694 GC heap before
{Heap before GC invocations=364 (full 1):
 PSYoungGen      total 77312K, used 69620K [0x0000000795580000, 0x000000079b500000, 0x00000007c0000000)
  eden space 60928K, 100% used [0x0000000795580000,0x0000000799100000,0x0000000799100000)
  from space 16384K, 53% used [0x000000079a500000,0x000000079ad7d188,0x000000079b500000)
  to   space 18432K, 0% used [0x0000000799100000,0x0000000799100000,0x000000079a300000)
 ParOldGen       total 123904K, used 101085K [0x0000000740000000, 0x0000000747900000, 0x0000000795580000)
  object space 123904K, 81% used [0x0000000740000000,0x00000007462b7518,0x0000000747900000)
 Metaspace       used 9398K, capacity 9496K, committed 9728K, reserved 1058816K
  class space    used 862K, capacity 922K, committed 1024K, reserved 1048576K
Event: 278.703 GC heap after
Heap after GC invocations=364 (full 1):
 PSYoungGen      total 68096K, used 8404K [0x0000000795580000, 0x000000079b380000, 0x00000007c0000000)
  eden space 59392K, 0% used [0x0000000795580000,0x0000000795580000,0x0000000798f80000)
  from space 8704K, 96% used [0x0000000799100000,0x00000007999352c0,0x0000000799980000)
  to   space 18432K, 0% used [0x000000079a180000,0x000000079a180000,0x000000079b380000)
 ParOldGen       total 123904K, used 101522K [0x0000000740000000, 0x0000000747900000, 0x0000000795580000)
  object space 123904K, 81% used [0x0000000740000000,0x0000000746324a20,0x0000000747900000)
 Metaspace       used 9398K, capacity 9496K, committed 9728K, reserved 1058816K
  class space    used 862K, capacity 922K, committed 1024K, reserved 1048576K
}
Event: 280.585 GC heap before
{Heap before GC invocations=365 (full 1):
 PSYoungGen      total 68096K, used 67796K [0x0000000795580000, 0x000000079b380000, 0x00000007c0000000)
  eden space 59392K, 100% used [0x0000000795580000,0x0000000798f80000,0x0000000798f80000)
  from space 8704K, 96% used [0x0000000799100000,0x00000007999352c0,0x0000000799980000)
  to   space 18432K, 0% used [0x000000079a180000,0x000000079a180000,0x000000079b380000)
 ParOldGen       total 123904K, used 101522K [0x0000000740000000, 0x0000000747900000, 0x0000000795580000)
  object space 123904K, 81% used [0x0000000740000000,0x0000000746324a20,0x0000000747900000)
 Metaspace       used 9398K, capacity 9496K, committed 9728K, reserved 1058816K
  class space    used 862K, capacity 922K, committed 1024K, reserved 1048576K
Event: 280.589 GC heap after
Heap after GC invocations=365 (full 1):
 PSYoungGen      total 73728K, used 8255K [0x0000000795580000, 0x000000079b100000, 0x00000007c0000000)
  eden space 57856K, 0% used [0x0000000795580000,0x0000000795580000,0x0000000798e00000)
  from space 15872K, 52% used [0x000000079a180000,0x000000079a98fd88,0x000000079b100000)
  to   space 17920K, 0% used [0x0000000798e00000,0x0000000798e00000,0x0000000799f80000)
 ParOldGen       total 123904K, used 101959K [0x0000000740000000, 0x0000000747900000, 0x0000000795580000)
  object space 123904K, 82% used [0x0000000740000000,0x0000000746391f28,0x0000000747900000)
 Metaspace       used 9398K, capacity 9496K, committed 9728K, reserved 1058816K
  class space    used 862K, capacity 922K, committed 1024K, reserved 1048576K
}
Event: 282.109 GC heap before
{Heap before GC invocations=366 (full 1):
 PSYoungGen      total 73728K, used 66111K [0x0000000795580000, 0x000000079b100000, 0x00000007c0000000)
  eden space 57856K, 100% used [0x0000000795580000,0x0000000798e00000,0x0000000798e00000)
  from space 15872K, 52% used [0x000000079a180000,0x000000079a98fd88,0x000000079b100000)
  to   space 17920K, 0% used [0x0000000798e00000,0x0000000798e00000,0x0000000799f80000)
 ParOldGen       total 123904K, used 101959K [0x0000000740000000, 0x0000000747900000, 0x0000000795580000)
  object space 123904K, 82% used [0x0000000740000000,0x0000000746391f28,0x0000000747900000)
 Metaspace       used 9398K, capacity 9496K, committed 9728K, reserved 1058816K
  class space    used 862K, capacity 922K, committed 1024K, reserved 1048576K
Event: 282.125 GC heap after
Heap after GC invocations=366 (full 1):
 PSYoungGen      total 64512K, used 7978K [0x0000000795580000, 0x000000079af80000, 0x00000007c0000000)
  eden space 56320K, 0% used [0x0000000795580000,0x0000000795580000,0x0000000798c80000)
  from space 8192K, 97% used [0x0000000798e00000,0x00000007995caab8,0x0000000799600000)
  to   space 17920K, 0% used [0x0000000799e00000,0x0000000799e00000,0x000000079af80000)
 ParOldGen       total 123904K, used 102373K [0x0000000740000000, 0x0000000747900000, 0x0000000795580000)
  object space 123904K, 82% used [0x0000000740000000,0x00000007463f9430,0x0000000747900000)
 Metaspace       used 9398K, capacity 9496K, committed 9728K, reserved 1058816K
  class space    used 862K, capacity 922K, committed 1024K, reserved 1048576K
}

